# JRE version: Java(TM) SE Runtime Environment (23.0.1+11) (build 23.0.1+11-39)
# Java VM: Java HotSpot(TM) 64-Bit Server VM (23.0.1+11-39, mixed mode, sharing, tiered, compressed oops, compressed class ptrs, g1 gc, windows-amd64)
GC Precious Log:
 CardTable entry size: 512
 Card Set container configuration: InlinePtr #cards 5 size 8 Array Of Cards #cards 10 size 36 Howl #buckets 4 coarsen threshold 1843 Howl Bitmap #cards 512 size 80 coarsen threshold 460 Card regions per heap region 1 cards per card region 2048
 CPUs: 12 total, 12 available
 Memory: 7501M
 Large Page Support: Disabled
 NUMA Support: Disabled
 Compressed Oops: Enabled (32-bit)
 Heap Region Size: 1M
 Heap Min Capacity: 8M
 Heap Initial Capacity: 118M
 Heap Max Capacity: 1876M
 Pre-touch: Disabled
 Parallel Workers: 10
 Concurrent Workers: 3
 Concurrent Refinement Workers: 10
 Periodic GC: Disabled
Heap:
 garbage-first heap   total reserved 1921024K, committed 65536K, used 53812K [0x000000008ac00000, 0x0000000100000000)
  region size 1024K, 19 young (19456K), 2 survivors (2048K)
 Metaspace       used 78413K, committed 79232K, reserved 1179648K
  class space    used 10945K, committed 11328K, reserved 1048576K
GC Heap History (20 events):
Event: 14.109 GC heap after
{Heap after GC invocations=21 (full 0):
 garbage-first heap   total reserved 1921024K, committed 50176K, used 30610K [0x000000008ac00000, 0x0000000100000000)
  region size 1024K, 2 young (2048K), 2 survivors (2048K)
 Metaspace       used 64883K, committed 65536K, reserved 1114112K
  class space    used 9018K, committed 9280K, reserved 1048576K
}
Event: 14.410 GC heap before
{Heap before GC invocations=21 (full 0):
 garbage-first heap   total reserved 1921024K, committed 50176K, used 44946K [0x000000008ac00000, 0x0000000100000000)
  region size 1024K, 16 young (16384K), 2 survivors (2048K)
 Metaspace       used 65725K, committed 66368K, reserved 1114112K
  class space    used 9129K, committed 9408K, reserved 1048576K
}
Event: 14.413 GC heap after
{Heap after GC invocations=22 (full 0):
 garbage-first heap   total reserved 1921024K, committed 50176K, used 31716K [0x000000008ac00000, 0x0000000100000000)
  region size 1024K, 1 young (1024K), 1 survivors (1024K)
 Metaspace       used 65725K, committed 66368K, reserved 1114112K
  class space    used 9129K, committed 9408K, reserved 1048576K
}
Event: 14.649 GC heap before
{Heap before GC invocations=23 (full 0):
 garbage-first heap   total reserved 1921024K, committed 55296K, used 44004K [0x000000008ac00000, 0x0000000100000000)
  region size 1024K, 13 young (13312K), 1 survivors (1024K)
 Metaspace       used 66344K, committed 67072K, reserved 1114112K
  class space    used 9227K, committed 9536K, reserved 1048576K
}
Event: 14.652 GC heap after
{Heap after GC invocations=24 (full 0):
 garbage-first heap   total reserved 1921024K, committed 55296K, used 32356K [0x000000008ac00000, 0x0000000100000000)
  region size 1024K, 2 young (2048K), 2 survivors (2048K)
 Metaspace       used 66344K, committed 67072K, reserved 1114112K
  class space    used 9227K, committed 9536K, reserved 1048576K
}
Event: 15.071 GC heap before
{Heap before GC invocations=24 (full 0):
 garbage-first heap   total reserved 1921024K, committed 55296K, used 46692K [0x000000008ac00000, 0x0000000100000000)
  region size 1024K, 17 young (17408K), 2 survivors (2048K)
 Metaspace       used 68510K, committed 69248K, reserved 1114112K
  class space    used 9544K, committed 9856K, reserved 1048576K
}
Event: 15.075 GC heap after
{Heap after GC invocations=25 (full 0):
 garbage-first heap   total reserved 1921024K, committed 55296K, used 33272K [0x000000008ac00000, 0x0000000100000000)
  region size 1024K, 3 young (3072K), 3 survivors (3072K)
 Metaspace       used 68510K, committed 69248K, reserved 1114112K
  class space    used 9544K, committed 9856K, reserved 1048576K
}
Event: 15.378 GC heap before
{Heap before GC invocations=25 (full 0):
 garbage-first heap   total reserved 1921024K, committed 55296K, used 47608K [0x000000008ac00000, 0x0000000100000000)
  region size 1024K, 17 young (17408K), 3 survivors (3072K)
 Metaspace       used 69517K, committed 70272K, reserved 1114112K
  class space    used 9691K, committed 10048K, reserved 1048576K
}
Event: 15.381 GC heap after
{Heap after GC invocations=26 (full 0):
 garbage-first heap   total reserved 1921024K, committed 55296K, used 34447K [0x000000008ac00000, 0x0000000100000000)
  region size 1024K, 3 young (3072K), 3 survivors (3072K)
 Metaspace       used 69517K, committed 70272K, reserved 1114112K
  class space    used 9691K, committed 10048K, reserved 1048576K
}
Event: 15.659 GC heap before
{Heap before GC invocations=27 (full 0):
 garbage-first heap   total reserved 1921024K, committed 60416K, used 46735K [0x000000008ac00000, 0x0000000100000000)
  region size 1024K, 15 young (15360K), 3 survivors (3072K)
 Metaspace       used 70592K, committed 71360K, reserved 1114112K
  class space    used 9857K, committed 10176K, reserved 1048576K
}
Event: 15.662 GC heap after
{Heap after GC invocations=28 (full 0):
 garbage-first heap   total reserved 1921024K, committed 60416K, used 35469K [0x000000008ac00000, 0x0000000100000000)
  region size 1024K, 2 young (2048K), 2 survivors (2048K)
 Metaspace       used 70592K, committed 71360K, reserved 1114112K
  class space    used 9857K, committed 10176K, reserved 1048576K
}
Event: 18.000 GC heap before
{Heap before GC invocations=28 (full 0):
 garbage-first heap   total reserved 1921024K, committed 60416K, used 52877K [0x000000008ac00000, 0x0000000100000000)
  region size 1024K, 19 young (19456K), 2 survivors (2048K)
 Metaspace       used 72165K, committed 72960K, reserved 1114112K
  class space    used 10066K, committed 10368K, reserved 1048576K
}
Event: 18.006 GC heap after
{Heap after GC invocations=29 (full 0):
 garbage-first heap   total reserved 1921024K, committed 60416K, used 37040K [0x000000008ac00000, 0x0000000100000000)
  region size 1024K, 3 young (3072K), 3 survivors (3072K)
 Metaspace       used 72165K, committed 72960K, reserved 1114112K
  class space    used 10066K, committed 10368K, reserved 1048576K
}
Event: 243.112 GC heap before
{Heap before GC invocations=29 (full 0):
 garbage-first heap   total reserved 1921024K, committed 60416K, used 52400K [0x000000008ac00000, 0x0000000100000000)
  region size 1024K, 18 young (18432K), 3 survivors (3072K)
 Metaspace       used 72261K, committed 73024K, reserved 1114112K
  class space    used 10068K, committed 10368K, reserved 1048576K
}
Event: 243.192 GC heap after
{Heap after GC invocations=30 (full 0):
 garbage-first heap   total reserved 1921024K, committed 60416K, used 37397K [0x000000008ac00000, 0x0000000100000000)
  region size 1024K, 1 young (1024K), 1 survivors (1024K)
 Metaspace       used 72261K, committed 73024K, reserved 1114112K
  class space    used 10068K, committed 10368K, reserved 1048576K
}
Event: 418.610 GC heap before
{Heap before GC invocations=31 (full 0):
 garbage-first heap   total reserved 1921024K, committed 65536K, used 52757K [0x000000008ac00000, 0x0000000100000000)
  region size 1024K, 17 young (17408K), 1 survivors (1024K)
 Metaspace       used 73716K, committed 74496K, reserved 1114112K
  class space    used 10261K, committed 10560K, reserved 1048576K
}
Event: 418.626 GC heap after
{Heap after GC invocations=32 (full 0):
 garbage-first heap   total reserved 1921024K, committed 65536K, used 37439K [0x000000008ac00000, 0x0000000100000000)
  region size 1024K, 1 young (1024K), 1 survivors (1024K)
 Metaspace       used 73716K, committed 74496K, reserved 1114112K
  class space    used 10261K, committed 10560K, reserved 1048576K
}
Event: 509.077 GC heap before
{Heap before GC invocations=32 (full 0):
 garbage-first heap   total reserved 1921024K, committed 65536K, used 57919K [0x000000008ac00000, 0x0000000100000000)
  region size 1024K, 22 young (22528K), 1 survivors (1024K)
 Metaspace       used 78230K, committed 79104K, reserved 1179648K
  class space    used 10915K, committed 11328K, reserved 1048576K
}
Event: 509.206 GC heap after
{Heap after GC invocations=33 (full 0):
 garbage-first heap   total reserved 1921024K, committed 65536K, used 37428K [0x000000008ac00000, 0x0000000100000000)
  region size 1024K, 2 young (2048K), 2 survivors (2048K)
 Metaspace       used 78230K, committed 79104K, reserved 1179648K
  class space    used 10915K, committed 11328K, reserved 1048576K
}
Event: 732.245 GC heap before
{Heap before GC invocations=33 (full 0):
 garbage-first heap   total reserved 1921024K, committed 65536K, used 53812K [0x000000008ac00000, 0x0000000100000000)
  region size 1024K, 19 young (19456K), 2 survivors (2048K)
 Metaspace       used 78413K, committed 79232K, reserved 1179648K
  class space    used 10945K, committed 11328K, reserved 1048576K
}

